2025-05-12T15:39:42.802Z [31merror[39m: Invalid file type
2025-05-12T20:11:37.269Z [31merror[39m: No file uploaded
2025-05-12T20:12:18.468Z [31merror[39m: No file uploaded
2025-05-12T20:12:18.516Z [31merror[39m: Invalid file type
2025-05-12T20:14:14.326Z [31merror[39m: No file uploaded
2025-05-12T20:14:14.377Z [31merror[39m: Invalid file type
2025-05-12T20:15:08.464Z [31merror[39m: No file uploaded
2025-05-12T20:15:08.523Z [31merror[39m: Invalid file type
2025-05-12T20:41:12.435Z [31merror[39m: No file uploaded
2025-05-12T20:41:12.488Z [31merror[39m: Invalid file type
2025-05-12T20:41:48.289Z [31merror[39m: No file uploaded
2025-05-12T20:41:48.349Z [31merror[39m: Invalid file type
2025-05-12T20:41:48.727Z [31merror[39m: Upload ID not found:
2025-05-12T20:42:09.340Z [31merror[39m: No file uploaded
2025-05-12T20:42:09.397Z [31merror[39m: Invalid file type
2025-05-12T20:42:09.818Z [31merror[39m: Upload ID not found:
2025-05-12T20:42:49.896Z [31merror[39m: No file uploaded
2025-05-12T20:42:49.949Z [31merror[39m: Invalid file type
2025-05-12T20:42:50.430Z [31merror[39m: Upload ID not found:
2025-05-12T20:46:16.267Z [31merror[39m: No file uploaded
2025-05-12T20:46:16.327Z [31merror[39m: Invalid file type
2025-05-12T20:46:39.580Z [31merror[39m: No file uploaded
2025-05-12T20:47:18.986Z [31merror[39m: No file uploaded
2025-05-12T20:47:24.172Z [31merror[39m: No file uploaded
2025-05-12T20:47:24.230Z [31merror[39m: Invalid file type
2025-05-12T20:47:44.104Z [31merror[39m: No file uploaded
2025-05-12T20:47:44.165Z [31merror[39m: Invalid file type
2025-05-12T20:48:57.851Z [31merror[39m: No file uploaded
2025-05-12T20:48:57.933Z [31merror[39m: Invalid file type
2025-05-12T20:51:08.445Z [31merror[39m: No file uploaded
2025-05-12T20:51:08.498Z [31merror[39m: Invalid file type
2025-05-12T20:54:37.203Z [31merror[39m: No file uploaded
2025-05-12T20:54:37.251Z [31merror[39m: Invalid file type
2025-05-12T20:55:09.100Z [31merror[39m: No file uploaded
2025-05-12T20:55:09.145Z [31merror[39m: Invalid file type
2025-05-12T20:56:23.301Z [31merror[39m: No file uploaded
2025-05-12T20:56:23.343Z [31merror[39m: Invalid file type
2025-05-12T20:56:36.723Z [31merror[39m: No file uploaded
2025-05-12T20:56:36.765Z [31merror[39m: Invalid file type
2025-05-12T21:19:24.009Z [31merror[39m: Invalid CSV headers
2025-05-12T21:19:24.014Z [31merror[39m: Error processing CSV file: Invalid CSV headers
2025-05-12T21:19:24.057Z [31merror[39m: Invalid CSV headers
2025-05-12T21:19:24.059Z [31merror[39m: Error processing CSV file: Invalid CSV headers
2025-05-12T21:19:59.034Z [31merror[39m: Invalid CSV headers
2025-05-12T21:19:59.039Z [31merror[39m: Error processing CSV file: Invalid CSV headers
2025-05-12T21:19:59.080Z [31merror[39m: Invalid CSV headers
2025-05-12T21:19:59.082Z [31merror[39m: Error processing CSV file: Invalid CSV headers
2025-05-12T21:20:41.812Z [31merror[39m: Invalid CSV headers
2025-05-12T21:20:41.819Z [31merror[39m: Error processing CSV file: Invalid CSV headers
2025-05-12T21:20:41.882Z [31merror[39m: Invalid CSV headers
2025-05-12T21:20:41.884Z [31merror[39m: Error processing CSV file: Invalid CSV headers
2025-05-12T21:22:18.409Z [31merror[39m: No file uploaded
2025-05-12T21:22:31.302Z [31merror[39m: Invalid file type
2025-05-12T21:23:23.431Z [31merror[39m: No file uploaded
2025-05-12T21:23:23.504Z [31merror[39m: Invalid file type
2025-05-12T21:27:17.272Z [31merror[39m: No file uploaded
2025-05-12T21:27:17.316Z [31merror[39m: Invalid file type
2025-05-12T21:27:44.659Z [31merror[39m: No file uploaded
2025-05-12T21:27:44.700Z [31merror[39m: Invalid file type
2025-05-12T21:29:11.155Z [31merror[39m: No file uploaded
2025-05-12T21:29:11.201Z [31merror[39m: Invalid file type
2025-05-12T21:32:33.488Z [31merror[39m: Invalid CSV headers
2025-05-12T21:33:29.027Z [31merror[39m: Invalid CSV headers
2025-05-12T21:33:29.033Z [31merror[39m: Error processing CSV file: Invalid CSV headers
2025-05-12T21:33:58.028Z [31merror[39m: Invalid CSV headers
2025-05-12T21:33:58.033Z [31merror[39m: Error processing CSV file: Invalid CSV headers
2025-05-12T21:34:12.543Z [31merror[39m: Invalid CSV headers
2025-05-12T21:34:12.547Z [31merror[39m: Error processing CSV file: Invalid CSV headers
2025-05-12T21:35:01.931Z [31merror[39m: Invalid CSV headers
2025-05-12T21:35:01.933Z [31merror[39m: Invalid CSV headers
2025-05-12T21:35:36.918Z [31merror[39m: Invalid CSV headers
2025-05-12T21:36:20.218Z [31merror[39m: Invalid CSV headers
2025-05-12T21:38:58.307Z [31merror[39m: Invalid CSV headers
2025-05-12T21:39:27.348Z [31merror[39m: Invalid CSV headers
2025-05-12T21:39:34.087Z [31merror[39m: No file uploaded
2025-05-12T21:39:43.804Z [31merror[39m: No file uploaded
2025-05-12T21:39:46.766Z [31merror[39m: Invalid file type
2025-05-12T21:39:57.356Z [31merror[39m: Invalid file type
2025-05-12T21:40:03.164Z [31merror[39m: Invalid CSV headers
2025-05-12T21:42:05.088Z [31merror[39m: No file uploaded
2025-05-12T21:42:05.133Z [31merror[39m: Invalid file type
2025-05-12T21:42:05.175Z [31merror[39m: Invalid CSV headers
2025-05-12T21:42:59.708Z [31merror[39m: Upload ID not found:
2025-05-12T21:43:30.185Z [31merror[39m: Upload ID not found:
2025-05-13T15:24:12.880Z [31merror[39m: No file uploaded
2025-05-13T15:24:12.991Z [31merror[39m: Invalid file type
2025-05-13T15:24:13.081Z [31merror[39m: Invalid CSV headers
2025-05-13T15:24:14.453Z [31merror[39m: Upload ID not found:
2025-05-13T15:24:17.587Z [31merror[39m: No file uploaded
2025-05-13T15:24:17.677Z [31merror[39m: Invalid file type
2025-05-13T15:24:17.736Z [31merror[39m: Invalid CSV headers
2025-05-13T15:24:18.652Z [31merror[39m: Upload ID not found:
2025-05-13T15:35:18.247Z [31merror[39m: No file uploaded
2025-05-13T15:35:18.370Z [31merror[39m: Invalid file type
2025-05-13T15:35:18.487Z [31merror[39m: Invalid CSV headers
2025-05-13T15:35:19.467Z [31merror[39m: Upload ID not found:
2025-05-13T15:35:22.529Z [31merror[39m: No file uploaded
2025-05-13T15:35:22.592Z [31merror[39m: Invalid file type
2025-05-13T15:35:22.639Z [31merror[39m: Invalid CSV headers
2025-05-13T15:35:23.521Z [31merror[39m: Upload ID not found:
2025-05-13T15:37:14.363Z [31merror[39m: No file uploaded
2025-05-13T15:37:14.436Z [31merror[39m: Invalid file type
2025-05-13T15:37:14.483Z [31merror[39m: Invalid CSV headers
2025-05-13T15:37:15.332Z [31merror[39m: Upload ID not found:
2025-05-13T15:37:21.009Z [31merror[39m: No file uploaded
2025-05-13T15:37:21.062Z [31merror[39m: Invalid file type
2025-05-13T15:37:21.114Z [31merror[39m: Invalid CSV headers
2025-05-13T15:37:21.995Z [31merror[39m: Upload ID not found:
2025-05-13T15:37:40.484Z [31merror[39m: No file uploaded
2025-05-13T15:37:40.547Z [31merror[39m: Invalid file type
2025-05-13T15:37:40.593Z [31merror[39m: Invalid CSV headers
2025-05-13T15:37:41.325Z [31merror[39m: Upload ID not found:
2025-05-13T15:41:17.131Z [31merror[39m: No file uploaded
2025-05-13T15:41:17.236Z [31merror[39m: Invalid file type
2025-05-13T15:41:17.287Z [31merror[39m: Invalid CSV headers
2025-05-13T15:41:18.088Z [31merror[39m: Upload ID not found:
2025-05-13T16:04:37.843Z [31merror[39m: No file uploaded
2025-05-13T16:04:37.892Z [31merror[39m: Invalid file type
2025-05-13T16:04:37.936Z [31merror[39m: Invalid CSV headers
2025-05-13T16:04:38.777Z [31merror[39m: Upload ID not found:
2025-05-13T16:05:11.537Z [31merror[39m: No file uploaded
2025-05-13T16:05:11.585Z [31merror[39m: Invalid file type
2025-05-13T16:05:11.630Z [31merror[39m: Invalid CSV headers
2025-05-13T16:05:12.504Z [31merror[39m: Upload ID not found:
2025-05-13T16:06:30.685Z [31merror[39m: No file uploaded
2025-05-13T16:06:30.739Z [31merror[39m: Invalid file type
2025-05-13T16:06:30.787Z [31merror[39m: Invalid CSV headers
2025-05-13T16:06:31.669Z [31merror[39m: Upload ID not found:
2025-05-13T16:07:06.345Z [31merror[39m: No file uploaded
2025-05-13T16:07:06.396Z [31merror[39m: Invalid file type
2025-05-13T16:07:06.441Z [31merror[39m: Invalid CSV headers
2025-05-13T16:07:07.261Z [31merror[39m: Upload ID not found:
2025-05-13T16:07:33.622Z [31merror[39m: No file uploaded
2025-05-13T16:07:33.677Z [31merror[39m: Invalid file type
2025-05-13T16:07:33.727Z [31merror[39m: Invalid CSV headers
2025-05-13T16:07:34.553Z [31merror[39m: Upload ID not found:
2025-05-13T16:08:25.886Z [31merror[39m: No file uploaded
2025-05-13T16:08:25.935Z [31merror[39m: Invalid file type
2025-05-13T16:08:25.979Z [31merror[39m: Invalid CSV headers
2025-05-13T16:08:26.850Z [31merror[39m: Upload ID not found:
2025-05-13T16:08:51.991Z [31merror[39m: No file uploaded
2025-05-13T16:08:52.042Z [31merror[39m: Invalid file type
2025-05-13T16:08:52.082Z [31merror[39m: Invalid CSV headers
2025-05-13T16:08:53.069Z [31merror[39m: Upload ID not found:
2025-05-13T16:09:36.224Z [31merror[39m: No file uploaded
2025-05-13T16:09:36.274Z [31merror[39m: Invalid file type
2025-05-13T16:09:36.319Z [31merror[39m: Invalid CSV headers
2025-05-13T16:09:37.111Z [31merror[39m: Upload ID not found:
2025-05-13T16:09:42.125Z [31merror[39m: No file uploaded
2025-05-13T16:09:42.183Z [31merror[39m: Invalid file type
2025-05-13T16:09:42.226Z [31merror[39m: Invalid CSV headers
2025-05-13T16:09:43.094Z [31merror[39m: Upload ID not found:
2025-05-13T16:09:53.886Z [31merror[39m: No file uploaded
2025-05-13T16:09:53.938Z [31merror[39m: Invalid file type
2025-05-13T16:09:53.979Z [31merror[39m: Invalid CSV headers
2025-05-13T16:09:54.965Z [31merror[39m: Upload ID not found:
2025-05-13T16:19:47.780Z [31merror[39m: No file uploaded
2025-05-13T16:19:47.829Z [31merror[39m: No file uploaded
2025-05-13T16:19:52.540Z [31merror[39m: No file uploaded
2025-05-13T16:19:52.584Z [31merror[39m: No file uploaded
2025-05-13T16:20:17.366Z [31merror[39m: Invalid file type
2025-05-13T16:20:17.409Z [31merror[39m: No file uploaded
2025-05-13T16:20:49.654Z [31merror[39m: No file uploaded
2025-05-13T16:22:21.637Z [31merror[39m: No file uploaded
2025-05-13T16:22:21.683Z [31merror[39m: Invalid file type
2025-05-13T16:22:21.727Z [31merror[39m: Invalid CSV headers
2025-05-13T16:22:22.653Z [31merror[39m: Upload ID not found:
